<?xml version="1.0" encoding="UTF-8"?>
<!-- Generated by org.testng.reporters.JUnitReportReporter -->
<testsuite hostname="DESKTOP-SEE9OFQ" failures="0" tests="1" name="com.iween.TBO_AI_TestCases.TC_01_VerifySearchToBookingFlow" time="70.519" errors="0" timestamp="2025-08-08T17:37:12 IST" skipped="0">
  <testcase classname="com.iween.TBO_AI_TestCases.TC_01_VerifySearchToBookingFlow" name="myTest" time="70.519"/>
</testsuite> <!-- com.iween.TBO_AI_TestCases.TC_01_VerifySearchToBookingFlow -->
