<?xml version="1.0" encoding="UTF-8"?>
<!-- Generated by org.testng.reporters.JUnitReportReporter -->
<testsuite hostname="DESKTOP-SEE9OFQ" failures="0" tests="2" name="com.iween.TBO_AI_TestCases.TC_01_VerifySearchToBookingFlow" time="82.814" errors="0" timestamp="2025-08-05T17:46:16 IST" skipped="1">
  <testcase classname="com.iween.TBO_AI_TestCases.TC_01_VerifySearchToBookingFlow" name="myTest" time="44.601"/>
  <testcase classname="com.iween.TBO_AI_TestCases.TC_01_VerifySearchToBookingFlow" name="myTest" time="38.213">
    <skipped/>
  </testcase> <!-- myTest -->
</testsuite> <!-- com.iween.TBO_AI_TestCases.TC_01_VerifySearchToBookingFlow -->
